<?xml version="1.0" encoding="UTF-8"?>
<!-- Generated by org.testng.reporters.JUnitXMLReporter -->
<testsuite hostname="DESKTOP-70GPRGL" ignored="1" name="Test1" tests="5" failures="0" timestamp="2022-03-01T14:49:03 CST" time="37.813" errors="0">
  <testcase name="googleSearch1" time="1.926" classname="TestNG.TestngParallel"/>
  <testcase name="test" time="7.173" classname="TestNG.DataProviderTestng"/>
  <testcase name="test" time="7.548" classname="TestNG.DataProviderTestng"/>
  <testcase name="test" time="7.665" classname="TestNG.DataProviderTestng"/>
  <testcase name="test" time="11.998" classname="TestNG.DataProviderTestng"/>
  <testcase name="googleSearch" time="0.0" classname="TestNG.TestngParallel">
    <ignored/>
  </testcase> <!-- googleSearch -->
</testsuite> <!-- Test1 -->
