<?xml version="1.0" encoding="UTF-8"?>
<testng-results skipped="0" failed="0" ignored="1" total="6" passed="5">
  <reporter-output>
  </reporter-output>
  <suite name="Suite1" duration-ms="37813" started-at="2022-03-01T14:48:25 CST" finished-at="2022-03-01T14:49:03 CST">
    <groups>
    </groups>
    <test name="Test1" duration-ms="37813" started-at="2022-03-01T14:48:25 CST" finished-at="2022-03-01T14:49:03 CST">
      <class name="TestNG.DataProviderTestng">
        <test-method status="PASS" signature="test(java.lang.String,java.lang.String)[pri:0, instance:TestNG.DataProviderTestng@5c072e3f]" name="test" duration-ms="7173" started-at="2022-03-01T14:48:27 CST" data-provider="create" finished-at="2022-03-01T14:48:35 CST">
          <params>
            <param index="0">
              <value>
                <![CDATA[standard_user]]>
              </value>
            </param>
            <param index="1">
              <value>
                <![CDATA[ secret_sauce]]>
              </value>
            </param>
          </params>
          <reporter-output>
          </reporter-output>
        </test-method> <!-- test -->
        <test-method status="PASS" signature="test(java.lang.String,java.lang.String)[pri:0, instance:TestNG.DataProviderTestng@5c072e3f]" name="test" duration-ms="7548" started-at="2022-03-01T14:48:35 CST" data-provider="create" finished-at="2022-03-01T14:48:42 CST">
          <params>
            <param index="0">
              <value>
                <![CDATA[locked_out_user]]>
              </value>
            </param>
            <param index="1">
              <value>
                <![CDATA[secret_sauce]]>
              </value>
            </param>
          </params>
          <reporter-output>
          </reporter-output>
        </test-method> <!-- test -->
        <test-method status="PASS" signature="test(java.lang.String,java.lang.String)[pri:0, instance:TestNG.DataProviderTestng@5c072e3f]" name="test" duration-ms="7665" started-at="2022-03-01T14:48:42 CST" data-provider="create" finished-at="2022-03-01T14:48:50 CST">
          <params>
            <param index="0">
              <value>
                <![CDATA[problem_user]]>
              </value>
            </param>
            <param index="1">
              <value>
                <![CDATA[secret_sauce]]>
              </value>
            </param>
          </params>
          <reporter-output>
          </reporter-output>
        </test-method> <!-- test -->
        <test-method status="PASS" signature="test(java.lang.String,java.lang.String)[pri:0, instance:TestNG.DataProviderTestng@5c072e3f]" name="test" duration-ms="11998" started-at="2022-03-01T14:48:50 CST" data-provider="create" finished-at="2022-03-01T14:49:02 CST">
          <params>
            <param index="0">
              <value>
                <![CDATA[performance_glitch_user]]>
              </value>
            </param>
            <param index="1">
              <value>
                <![CDATA[secret_sauce]]>
              </value>
            </param>
          </params>
          <reporter-output>
          </reporter-output>
        </test-method> <!-- test -->
      </class> <!-- TestNG.DataProviderTestng -->
      <class name="TestNG.TestngParallel">
        <test-method status="PASS" signature="setUpTest()[pri:0, instance:TestNG.TestngParallel@eb21112]" name="setUpTest" is-config="true" duration-ms="2729" started-at="2022-03-01T14:48:25 CST" finished-at="2022-03-01T14:48:27 CST">
          <reporter-output>
          </reporter-output>
        </test-method> <!-- setUpTest -->
        <test-method status="PASS" signature="googleSearch1()[pri:0, instance:TestNG.TestngParallel@eb21112]" name="googleSearch1" duration-ms="1926" started-at="2022-03-01T14:48:27 CST" finished-at="2022-03-01T14:48:29 CST">
          <reporter-output>
          </reporter-output>
        </test-method> <!-- googleSearch1 -->
        <test-method status="PASS" signature="tearDown()[pri:0, instance:TestNG.TestngParallel@eb21112]" name="tearDown" is-config="true" duration-ms="672" started-at="2022-03-01T14:49:02 CST" finished-at="2022-03-01T14:49:03 CST">
          <reporter-output>
          </reporter-output>
        </test-method> <!-- tearDown -->
      </class> <!-- TestNG.TestngParallel -->
    </test> <!-- Test1 -->
  </suite> <!-- Suite1 -->
</testng-results>
